nohup: ignoring input
2026-05-26T06:51:23.930Z  INFO 15957 --- [Lavalink] [           main] lavalink.server.Launcher                 : Starting Launcher v4.2.2 using Java 17.0.19 with PID 15957 (/storage/emulated/0/Documents/BackUPmizui/Lavalink.jar started by u0_a330 in /storage/emulated/0/Documents/BackUPmizui)
2026-05-26T06:51:23.940Z  INFO 15957 --- [Lavalink] [           main] lavalink.server.Launcher                 : No active profile set, falling back to 1 default profile: "default"
2026-05-26T06:51:25.898Z  INFO 15957 --- [Lavalink] [           main] o.s.cloud.context.scope.GenericScope     : BeanFactory id=3d6bf653-92ea-3fde-943a-10b9f8cd696e
2026-05-26T06:51:27.881Z  INFO 15957 --- [Lavalink] [           main] lavalink.server.Launcher                 : Started Launcher in 6.489 seconds (process running for 9.287)
2026-05-26T06:51:28.100Z  INFO 15957 --- [Lavalink] [           main] lavalink.server.Launcher                 : 

[32m       .  [31m _                  _ _       _    [32m__ _ _
[32m      /\\ [31m| | __ ___   ____ _| (_)_ __ | | __[32m\ \ \ \
[32m     ( ( )[31m| |/ _` \ \ / / _` | | | '_ \| |/ /[32m \ \ \ \
[32m      \\/ [31m| | (_| |\ V / (_| | | | | | |   < [32m  ) ) ) )
[32m       '  [31m|_|\__,_| \_/ \__,_|_|_|_| |_|_|\_\[32m / / / /
[0m    =========================================[32m/_/_/_/[0m

	Version:        4.2.2
	Build time:     06.03.2026 23:24:16 UTC
	Branch          HEAD
	Commit:         e8503fd
	Commit time:    06.03.2026 23:21:15 UTC
	JVM:            17.0.19
	Lavaplayer      2.2.6

2026-05-26T06:51:28.134Z  INFO 15957 --- [Lavalink] [           main] lavalink.server.Launcher                 : No active profile set, falling back to 1 default profile: "default"
2026-05-26T06:51:30.662Z  WARN 15957 --- [Lavalink] [           main] io.undertow.websockets.jsr               : UT026010: Buffer pool was not set on WebSocketDeploymentInfo, the default pool will be used
2026-05-26T06:51:30.758Z  INFO 15957 --- [Lavalink] [           main] io.undertow.servlet                      : Initializing Spring embedded WebApplicationContext
2026-05-26T06:51:30.762Z  INFO 15957 --- [Lavalink] [           main] w.s.c.ServletWebServerApplicationContext : Root WebApplicationContext: initialization completed in 2615 ms
2026-05-26T06:51:31.078Z  WARN 15957 --- [Lavalink] [           main] l.server.config.SentryConfiguration      : Turning off sentry
2026-05-26T06:51:31.571Z  INFO 15957 --- [Lavalink] [           main] c.s.d.l.tools.GarbageCollectionMonitor   : GC monitoring enabled, reporting results every 2 minutes.
2026-05-26T06:51:32.160Z  WARN 15957 --- [Lavalink] [           main] l.s.config.AudioPlayerConfiguration      : The default Youtube source is now deprecated and won't receive further updates.
You should use the new Youtube source plugin instead.
https://github.com/lavalink-devs/youtube-source#plugin.
To disable this warning, set 'lavalink.server.sources.youtube' to false in your application.yml.
2026-05-26T06:51:34.361Z  INFO 15957 --- [Lavalink] [           main] l.server.config.KoeConfiguration         : OS: LINUX, Arch: ARMv8_64
2026-05-26T06:51:34.361Z  INFO 15957 --- [Lavalink] [           main] l.server.config.KoeConfiguration         : Enabling JDA-NAS
2026-05-26T06:51:34.379Z  INFO 15957 --- [Lavalink] [           main] c.s.l.c.natives.NativeLibraryLoader      : Native library udpqueue: loading with filter null
2026-05-26T06:51:34.395Z ERROR 15957 --- [Lavalink] [           main] c.s.l.c.natives.NativeLibraryLoader      : Native library udpqueue: loading failed.

java.lang.UnsatisfiedLinkError: /data/data/com.termux/files/usr/tmp/lava-jni-natives/1779778294383/libudpqueue.so: dlopen failed: library "libgcc_s.so.1" not found: needed by /data/data/com.termux/files/usr/tmp/lava-jni-natives/1779778294383/libudpqueue.so in namespace (default)
	at java.base/jdk.internal.loader.NativeLibraries.load(Native Method) ~[na:na]
	at java.base/jdk.internal.loader.NativeLibraries$NativeLibraryImpl.open(NativeLibraries.java:388) ~[na:na]
	at java.base/jdk.internal.loader.NativeLibraries.loadLibrary(NativeLibraries.java:232) ~[na:na]
	at java.base/jdk.internal.loader.NativeLibraries.loadLibrary(NativeLibraries.java:174) ~[na:na]
	at java.base/java.lang.ClassLoader.loadLibrary(ClassLoader.java:2394) ~[na:na]
	at java.base/java.lang.Runtime.load0(Runtime.java:755) ~[na:na]
	at java.base/java.lang.System.load(System.java:1970) ~[na:na]
	at com.sedmelluq.lava.common.natives.NativeLibraryLoader.loadFromFile(NativeLibraryLoader.java:115) ~[lava-common-2.2.6.jar!/:na]
	at com.sedmelluq.lava.common.natives.NativeLibraryLoader.loadInternal(NativeLibraryLoader.java:107) ~[lava-common-2.2.6.jar!/:na]
	at com.sedmelluq.lava.common.natives.NativeLibraryLoader.loadWithFailureCheck(NativeLibraryLoader.java:81) ~[lava-common-2.2.6.jar!/:na]
	at com.sedmelluq.lava.common.natives.NativeLibraryLoader.load(NativeLibraryLoader.java:66) ~[lava-common-2.2.6.jar!/:na]
	at com.sedmelluq.discord.lavaplayer.udpqueue.natives.UdpQueueManagerLibrary.getInstance(UdpQueueManagerLibrary.java:16) ~[udpqueue-api-0.2.12.jar!/:na]
	at com.sedmelluq.discord.lavaplayer.udpqueue.natives.UdpQueueManager.<init>(UdpQueueManager.java:26) ~[udpqueue-api-0.2.12.jar!/:na]
	at moe.kyokobot.koe.poller.udpqueue.QueueManagerPool.<init>(QueueManagerPool.java:29) ~[ext-udpqueue-3.0.0-pre6.jar!/:na]
	at lavalink.server.config.KoeConfiguration.koeOptions(KoeConfiguration.kt:64) ~[classes!/:4.2.2]
	at lavalink.server.config.KoeConfiguration$$SpringCGLIB$$0.CGLIB$koeOptions$1(<generated>) ~[classes!/:4.2.2]
	at lavalink.server.config.KoeConfiguration$$SpringCGLIB$$FastClass$$1.invoke(<generated>) ~[classes!/:4.2.2]
	at org.springframework.cglib.proxy.MethodProxy.invokeSuper(MethodProxy.java:258) ~[spring-core-6.1.15.jar!/:6.1.15]
	at org.springframework.context.annotation.ConfigurationClassEnhancer$BeanMethodInterceptor.intercept(ConfigurationClassEnhancer.java:339) ~[spring-context-6.1.9.jar!/:6.1.9]
	at lavalink.server.config.KoeConfiguration$$SpringCGLIB$$0.koeOptions(<generated>) ~[classes!/:4.2.2]
	at java.base/jdk.internal.reflect.NativeMethodAccessorImpl.invoke0(Native Method) ~[na:na]
	at java.base/jdk.internal.reflect.NativeMethodAccessorImpl.invoke(NativeMethodAccessorImpl.java:77) ~[na:na]
	at java.base/jdk.internal.reflect.DelegatingMethodAccessorImpl.invoke(DelegatingMethodAccessorImpl.java:43) ~[na:na]
	at java.base/java.lang.reflect.Method.invoke(Method.java:569) ~[na:na]
	at org.springframework.beans.factory.support.SimpleInstantiationStrategy.instantiate(SimpleInstantiationStrategy.java:146) ~[spring-beans-6.1.15.jar!/:6.1.15]
	at org.springframework.beans.factory.support.ConstructorResolver.instantiate(ConstructorResolver.java:644) ~[spring-beans-6.1.15.jar!/:6.1.15]
	at org.springframework.beans.factory.support.ConstructorResolver.instantiateUsingFactoryMethod(ConstructorResolver.java:485) ~[spring-beans-6.1.15.jar!/:6.1.15]
	at org.springframework.beans.factory.support.AbstractAutowireCapableBeanFactory.instantiateUsingFactoryMethod(AbstractAutowireCapableBeanFactory.java:1355) ~[spring-beans-6.1.15.jar!/:6.1.15]
	at org.springframework.beans.factory.support.AbstractAutowireCapableBeanFactory.createBeanInstance(AbstractAutowireCapableBeanFactory.java:1185) ~[spring-beans-6.1.15.jar!/:6.1.15]
	at org.springframework.beans.factory.support.AbstractAutowireCapableBeanFactory.doCreateBean(AbstractAutowireCapableBeanFactory.java:562) ~[spring-beans-6.1.15.jar!/:6.1.15]
	at org.springframework.beans.factory.support.AbstractAutowireCapableBeanFactory.createBean(AbstractAutowireCapableBeanFactory.java:522) ~[spring-beans-6.1.15.jar!/:6.1.15]
	at org.springframework.beans.factory.support.AbstractBeanFactory.lambda$doGetBean$0(AbstractBeanFactory.java:337) ~[spring-beans-6.1.15.jar!/:6.1.15]
	at org.springframework.beans.factory.support.DefaultSingletonBeanRegistry.getSingleton(DefaultSingletonBeanRegistry.java:234) ~[spring-beans-6.1.15.jar!/:6.1.15]
	at org.springframework.beans.factory.support.AbstractBeanFactory.doGetBean(AbstractBeanFactory.java:335) ~[spring-beans-6.1.15.jar!/:6.1.15]
	at org.springframework.beans.factory.support.AbstractBeanFactory.getBean(AbstractBeanFactory.java:200) ~[spring-beans-6.1.15.jar!/:6.1.15]
	at org.springframework.beans.factory.config.DependencyDescriptor.resolveCandidate(DependencyDescriptor.java:254) ~[spring-beans-6.1.15.jar!/:6.1.15]
	at org.springframework.beans.factory.support.DefaultListableBeanFactory.doResolveDependency(DefaultListableBeanFactory.java:1443) ~[spring-beans-6.1.15.jar!/:6.1.15]
	at org.springframework.beans.factory.support.DefaultListableBeanFactory.resolveDependency(DefaultListableBeanFactory.java:1353) ~[spring-beans-6.1.15.jar!/:6.1.15]
	at org.springframework.beans.factory.support.ConstructorResolver.resolveAutowiredArgument(ConstructorResolver.java:904) ~[spring-beans-6.1.15.jar!/:6.1.15]
	at org.springframework.beans.factory.support.ConstructorResolver.createArgumentArray(ConstructorResolver.java:782) ~[spring-beans-6.1.15.jar!/:6.1.15]
	at org.springframework.beans.factory.support.ConstructorResolver.autowireConstructor(ConstructorResolver.java:237) ~[spring-beans-6.1.15.jar!/:6.1.15]
	at org.springframework.beans.factory.support.AbstractAutowireCapableBeanFactory.autowireConstructor(AbstractAutowireCapableBeanFactory.java:1375) ~[spring-beans-6.1.15.jar!/:6.1.15]
	at org.springframework.beans.factory.support.AbstractAutowireCapableBeanFactory.createBeanInstance(AbstractAutowireCapableBeanFactory.java:1212) ~[spring-beans-6.1.15.jar!/:6.1.15]
	at org.springframework.beans.factory.support.AbstractAutowireCapableBeanFactory.doCreateBean(AbstractAutowireCapableBeanFactory.java:562) ~[spring-beans-6.1.15.jar!/:6.1.15]
	at org.springframework.beans.factory.support.AbstractAutowireCapableBeanFactory.createBean(AbstractAutowireCapableBeanFactory.java:522) ~[spring-beans-6.1.15.jar!/:6.1.15]
	at org.springframework.beans.factory.support.AbstractBeanFactory.lambda$doGetBean$0(AbstractBeanFactory.java:337) ~[spring-beans-6.1.15.jar!/:6.1.15]
	at org.springframework.beans.factory.support.DefaultSingletonBeanRegistry.getSingleton(DefaultSingletonBeanRegistry.java:234) ~[spring-beans-6.1.15.jar!/:6.1.15]
	at org.springframework.beans.factory.support.AbstractBeanFactory.doGetBean(AbstractBeanFactory.java:335) ~[spring-beans-6.1.15.jar!/:6.1.15]
	at org.springframework.beans.factory.support.AbstractBeanFactory.getBean(AbstractBeanFactory.java:200) ~[spring-beans-6.1.15.jar!/:6.1.15]
	at org.springframework.beans.factory.config.DependencyDescriptor.resolveCandidate(DependencyDescriptor.java:254) ~[spring-beans-6.1.15.jar!/:6.1.15]
	at org.springframework.beans.factory.support.DefaultListableBeanFactory.doResolveDependency(DefaultListableBeanFactory.java:1443) ~[spring-beans-6.1.15.jar!/:6.1.15]
	at org.springframework.beans.factory.support.DefaultListableBeanFactory.resolveDependency(DefaultListableBeanFactory.java:1353) ~[spring-beans-6.1.15.jar!/:6.1.15]
	at org.springframework.beans.factory.support.ConstructorResolver.resolveAutowiredArgument(ConstructorResolver.java:904) ~[spring-beans-6.1.15.jar!/:6.1.15]
	at org.springframework.beans.factory.support.ConstructorResolver.createArgumentArray(ConstructorResolver.java:782) ~[spring-beans-6.1.15.jar!/:6.1.15]
	at org.springframework.beans.factory.support.ConstructorResolver.autowireConstructor(ConstructorResolver.java:237) ~[spring-beans-6.1.15.jar!/:6.1.15]
	at org.springframework.beans.factory.support.AbstractAutowireCapableBeanFactory.autowireConstructor(AbstractAutowireCapableBeanFactory.java:1375) ~[spring-beans-6.1.15.jar!/:6.1.15]
	at org.springframework.beans.factory.support.AbstractAutowireCapableBeanFactory.createBeanInstance(AbstractAutowireCapableBeanFactory.java:1212) ~[spring-beans-6.1.15.jar!/:6.1.15]
	at org.springframework.beans.factory.support.AbstractAutowireCapableBeanFactory.doCreateBean(AbstractAutowireCapableBeanFactory.java:562) ~[spring-beans-6.1.15.jar!/:6.1.15]
	at org.springframework.beans.factory.support.AbstractAutowireCapableBeanFactory.createBean(AbstractAutowireCapableBeanFactory.java:522) ~[spring-beans-6.1.15.jar!/:6.1.15]
	at org.springframework.beans.factory.support.AbstractBeanFactory.lambda$doGetBean$0(AbstractBeanFactory.java:337) ~[spring-beans-6.1.15.jar!/:6.1.15]
	at org.springframework.beans.factory.support.DefaultSingletonBeanRegistry.getSingleton(DefaultSingletonBeanRegistry.java:234) ~[spring-beans-6.1.15.jar!/:6.1.15]
	at org.springframework.beans.factory.support.AbstractBeanFactory.doGetBean(AbstractBeanFactory.java:335) ~[spring-beans-6.1.15.jar!/:6.1.15]
	at org.springframework.beans.factory.support.AbstractBeanFactory.getBean(AbstractBeanFactory.java:200) ~[spring-beans-6.1.15.jar!/:6.1.15]
	at org.springframework.beans.factory.support.DefaultListableBeanFactory.preInstantiateSingletons(DefaultListableBeanFactory.java:975) ~[spring-beans-6.1.15.jar!/:6.1.15]
	at org.springframework.context.support.AbstractApplicationContext.finishBeanFactoryInitialization(AbstractApplicationContext.java:962) ~[spring-context-6.1.9.jar!/:6.1.9]
	at org.springframework.context.support.AbstractApplicationContext.refresh(AbstractApplicationContext.java:624) ~[spring-context-6.1.9.jar!/:6.1.9]
	at org.springframework.boot.web.servlet.context.ServletWebServerApplicationContext.refresh(ServletWebServerApplicationContext.java:146) ~[spring-boot-3.3.0.jar!/:3.3.0]
	at org.springframework.boot.SpringApplication.refresh(SpringApplication.java:754) ~[spring-boot-3.3.0.jar!/:3.3.0]
	at org.springframework.boot.SpringApplication.refreshContext(SpringApplication.java:456) ~[spring-boot-3.3.0.jar!/:3.3.0]
	at org.springframework.boot.SpringApplication.run(SpringApplication.java:335) ~[spring-boot-3.3.0.jar!/:3.3.0]
	at org.springframework.boot.builder.SpringApplicationBuilder.run(SpringApplicationBuilder.java:149) ~[spring-boot-3.3.0.jar!/:3.3.0]
	at lavalink.server.Launcher.launchMain(Launcher.kt:164) ~[classes!/:4.2.2]
	at lavalink.server.Launcher.main(Launcher.kt:126) ~[classes!/:4.2.2]
	at java.base/jdk.internal.reflect.NativeMethodAccessorImpl.invoke0(Native Method) ~[na:na]
	at java.base/jdk.internal.reflect.NativeMethodAccessorImpl.invoke(NativeMethodAccessorImpl.java:77) ~[na:na]
	at java.base/jdk.internal.reflect.DelegatingMethodAccessorImpl.invoke(DelegatingMethodAccessorImpl.java:43) ~[na:na]
	at java.base/java.lang.reflect.Method.invoke(Method.java:569) ~[na:na]
	at org.springframework.boot.loader.MainMethodRunner.run(MainMethodRunner.java:49) ~[Lavalink.jar:4.2.2]
	at org.springframework.boot.loader.Launcher.launch(Launcher.java:95) ~[Lavalink.jar:4.2.2]
	at org.springframework.boot.loader.Launcher.launch(Launcher.java:58) ~[Lavalink.jar:4.2.2]
	at org.springframework.boot.loader.JarLauncher.main(JarLauncher.java:65) ~[Lavalink.jar:4.2.2]

2026-05-26T06:51:34.418Z  WARN 15957 --- [Lavalink] [           main] l.server.config.KoeConfiguration         : Failed to enable JDA-NAS! GC pauses may cause your bot to stutter during playback.

java.lang.RuntimeException: java.lang.UnsatisfiedLinkError: /data/data/com.termux/files/usr/tmp/lava-jni-natives/1779778294383/libudpqueue.so: dlopen failed: library "libgcc_s.so.1" not found: needed by /data/data/com.termux/files/usr/tmp/lava-jni-natives/1779778294383/libudpqueue.so in namespace (default)
	at com.sedmelluq.lava.common.natives.NativeLibraryLoader.loadWithFailureCheck(NativeLibraryLoader.java:85) ~[lava-common-2.2.6.jar!/:na]
	at com.sedmelluq.lava.common.natives.NativeLibraryLoader.load(NativeLibraryLoader.java:66) ~[lava-common-2.2.6.jar!/:na]
	at com.sedmelluq.discord.lavaplayer.udpqueue.natives.UdpQueueManagerLibrary.getInstance(UdpQueueManagerLibrary.java:16) ~[udpqueue-api-0.2.12.jar!/:na]
	at com.sedmelluq.discord.lavaplayer.udpqueue.natives.UdpQueueManager.<init>(UdpQueueManager.java:26) ~[udpqueue-api-0.2.12.jar!/:na]
	at moe.kyokobot.koe.poller.udpqueue.QueueManagerPool.<init>(QueueManagerPool.java:29) ~[ext-udpqueue-3.0.0-pre6.jar!/:na]
	at lavalink.server.config.KoeConfiguration.koeOptions(KoeConfiguration.kt:64) ~[classes!/:4.2.2]
	at lavalink.server.config.KoeConfiguration$$SpringCGLIB$$0.CGLIB$koeOptions$1(<generated>) ~[classes!/:4.2.2]
	at lavalink.server.config.KoeConfiguration$$SpringCGLIB$$FastClass$$1.invoke(<generated>) ~[classes!/:4.2.2]
	at org.springframework.cglib.proxy.MethodProxy.invokeSuper(MethodProxy.java:258) ~[spring-core-6.1.15.jar!/:6.1.15]
	at org.springframework.context.annotation.ConfigurationClassEnhancer$BeanMethodInterceptor.intercept(ConfigurationClassEnhancer.java:339) ~[spring-context-6.1.9.jar!/:6.1.9]
	at lavalink.server.config.KoeConfiguration$$SpringCGLIB$$0.koeOptions(<generated>) ~[classes!/:4.2.2]
	at java.base/jdk.internal.reflect.NativeMethodAccessorImpl.invoke0(Native Method) ~[na:na]
	at java.base/jdk.internal.reflect.NativeMethodAccessorImpl.invoke(NativeMethodAccessorImpl.java:77) ~[na:na]
	at java.base/jdk.internal.reflect.DelegatingMethodAccessorImpl.invoke(DelegatingMethodAccessorImpl.java:43) ~[na:na]
	at java.base/java.lang.reflect.Method.invoke(Method.java:569) ~[na:na]
	at org.springframework.beans.factory.support.SimpleInstantiationStrategy.instantiate(SimpleInstantiationStrategy.java:146) ~[spring-beans-6.1.15.jar!/:6.1.15]
	at org.springframework.beans.factory.support.ConstructorResolver.instantiate(ConstructorResolver.java:644) ~[spring-beans-6.1.15.jar!/:6.1.15]
	at org.springframework.beans.factory.support.ConstructorResolver.instantiateUsingFactoryMethod(ConstructorResolver.java:485) ~[spring-beans-6.1.15.jar!/:6.1.15]
	at org.springframework.beans.factory.support.AbstractAutowireCapableBeanFactory.instantiateUsingFactoryMethod(AbstractAutowireCapableBeanFactory.java:1355) ~[spring-beans-6.1.15.jar!/:6.1.15]
	at org.springframework.beans.factory.support.AbstractAutowireCapableBeanFactory.createBeanInstance(AbstractAutowireCapableBeanFactory.java:1185) ~[spring-beans-6.1.15.jar!/:6.1.15]
	at org.springframework.beans.factory.support.AbstractAutowireCapableBeanFactory.doCreateBean(AbstractAutowireCapableBeanFactory.java:562) ~[spring-beans-6.1.15.jar!/:6.1.15]
	at org.springframework.beans.factory.support.AbstractAutowireCapableBeanFactory.createBean(AbstractAutowireCapableBeanFactory.java:522) ~[spring-beans-6.1.15.jar!/:6.1.15]
	at org.springframework.beans.factory.support.AbstractBeanFactory.lambda$doGetBean$0(AbstractBeanFactory.java:337) ~[spring-beans-6.1.15.jar!/:6.1.15]
	at org.springframework.beans.factory.support.DefaultSingletonBeanRegistry.getSingleton(DefaultSingletonBeanRegistry.java:234) ~[spring-beans-6.1.15.jar!/:6.1.15]
	at org.springframework.beans.factory.support.AbstractBeanFactory.doGetBean(AbstractBeanFactory.java:335) ~[spring-beans-6.1.15.jar!/:6.1.15]
	at org.springframework.beans.factory.support.AbstractBeanFactory.getBean(AbstractBeanFactory.java:200) ~[spring-beans-6.1.15.jar!/:6.1.15]
	at org.springframework.beans.factory.config.DependencyDescriptor.resolveCandidate(DependencyDescriptor.java:254) ~[spring-beans-6.1.15.jar!/:6.1.15]
	at org.springframework.beans.factory.support.DefaultListableBeanFactory.doResolveDependency(DefaultListableBeanFactory.java:1443) ~[spring-beans-6.1.15.jar!/:6.1.15]
	at org.springframework.beans.factory.support.DefaultListableBeanFactory.resolveDependency(DefaultListableBeanFactory.java:1353) ~[spring-beans-6.1.15.jar!/:6.1.15]
	at org.springframework.beans.factory.support.ConstructorResolver.resolveAutowiredArgument(ConstructorResolver.java:904) ~[spring-beans-6.1.15.jar!/:6.1.15]
	at org.springframework.beans.factory.support.ConstructorResolver.createArgumentArray(ConstructorResolver.java:782) ~[spring-beans-6.1.15.jar!/:6.1.15]
	at org.springframework.beans.factory.support.ConstructorResolver.autowireConstructor(ConstructorResolver.java:237) ~[spring-beans-6.1.15.jar!/:6.1.15]
	at org.springframework.beans.factory.support.AbstractAutowireCapableBeanFactory.autowireConstructor(AbstractAutowireCapableBeanFactory.java:1375) ~[spring-beans-6.1.15.jar!/:6.1.15]
	at org.springframework.beans.factory.support.AbstractAutowireCapableBeanFactory.createBeanInstance(AbstractAutowireCapableBeanFactory.java:1212) ~[spring-beans-6.1.15.jar!/:6.1.15]
	at org.springframework.beans.factory.support.AbstractAutowireCapableBeanFactory.doCreateBean(AbstractAutowireCapableBeanFactory.java:562) ~[spring-beans-6.1.15.jar!/:6.1.15]
	at org.springframework.beans.factory.support.AbstractAutowireCapableBeanFactory.createBean(AbstractAutowireCapableBeanFactory.java:522) ~[spring-beans-6.1.15.jar!/:6.1.15]
	at org.springframework.beans.factory.support.AbstractBeanFactory.lambda$doGetBean$0(AbstractBeanFactory.java:337) ~[spring-beans-6.1.15.jar!/:6.1.15]
	at org.springframework.beans.factory.support.DefaultSingletonBeanRegistry.getSingleton(DefaultSingletonBeanRegistry.java:234) ~[spring-beans-6.1.15.jar!/:6.1.15]
	at org.springframework.beans.factory.support.AbstractBeanFactory.doGetBean(AbstractBeanFactory.java:335) ~[spring-beans-6.1.15.jar!/:6.1.15]
	at org.springframework.beans.factory.support.AbstractBeanFactory.getBean(AbstractBeanFactory.java:200) ~[spring-beans-6.1.15.jar!/:6.1.15]
	at org.springframework.beans.factory.config.DependencyDescriptor.resolveCandidate(DependencyDescriptor.java:254) ~[spring-beans-6.1.15.jar!/:6.1.15]
	at org.springframework.beans.factory.support.DefaultListableBeanFactory.doResolveDependency(DefaultListableBeanFactory.java:1443) ~[spring-beans-6.1.15.jar!/:6.1.15]
	at org.springframework.beans.factory.support.DefaultListableBeanFactory.resolveDependency(DefaultListableBeanFactory.java:1353) ~[spring-beans-6.1.15.jar!/:6.1.15]
	at org.springframework.beans.factory.support.ConstructorResolver.resolveAutowiredArgument(ConstructorResolver.java:904) ~[spring-beans-6.1.15.jar!/:6.1.15]
	at org.springframework.beans.factory.support.ConstructorResolver.createArgumentArray(ConstructorResolver.java:782) ~[spring-beans-6.1.15.jar!/:6.1.15]
	at org.springframework.beans.factory.support.ConstructorResolver.autowireConstructor(ConstructorResolver.java:237) ~[spring-beans-6.1.15.jar!/:6.1.15]
	at org.springframework.beans.factory.support.AbstractAutowireCapableBeanFactory.autowireConstructor(AbstractAutowireCapableBeanFactory.java:1375) ~[spring-beans-6.1.15.jar!/:6.1.15]
	at org.springframework.beans.factory.support.AbstractAutowireCapableBeanFactory.createBeanInstance(AbstractAutowireCapableBeanFactory.java:1212) ~[spring-beans-6.1.15.jar!/:6.1.15]
	at org.springframework.beans.factory.support.AbstractAutowireCapableBeanFactory.doCreateBean(AbstractAutowireCapableBeanFactory.java:562) ~[spring-beans-6.1.15.jar!/:6.1.15]
	at org.springframework.beans.factory.support.AbstractAutowireCapableBeanFactory.createBean(AbstractAutowireCapableBeanFactory.java:522) ~[spring-beans-6.1.15.jar!/:6.1.15]
	at org.springframework.beans.factory.support.AbstractBeanFactory.lambda$doGetBean$0(AbstractBeanFactory.java:337) ~[spring-beans-6.1.15.jar!/:6.1.15]
	at org.springframework.beans.factory.support.DefaultSingletonBeanRegistry.getSingleton(DefaultSingletonBeanRegistry.java:234) ~[spring-beans-6.1.15.jar!/:6.1.15]
	at org.springframework.beans.factory.support.AbstractBeanFactory.doGetBean(AbstractBeanFactory.java:335) ~[spring-beans-6.1.15.jar!/:6.1.15]
	at org.springframework.beans.factory.support.AbstractBeanFactory.getBean(AbstractBeanFactory.java:200) ~[spring-beans-6.1.15.jar!/:6.1.15]
	at org.springframework.beans.factory.support.DefaultListableBeanFactory.preInstantiateSingletons(DefaultListableBeanFactory.java:975) ~[spring-beans-6.1.15.jar!/:6.1.15]
	at org.springframework.context.support.AbstractApplicationContext.finishBeanFactoryInitialization(AbstractApplicationContext.java:962) ~[spring-context-6.1.9.jar!/:6.1.9]
	at org.springframework.context.support.AbstractApplicationContext.refresh(AbstractApplicationContext.java:624) ~[spring-context-6.1.9.jar!/:6.1.9]
	at org.springframework.boot.web.servlet.context.ServletWebServerApplicationContext.refresh(ServletWebServerApplicationContext.java:146) ~[spring-boot-3.3.0.jar!/:3.3.0]
	at org.springframework.boot.SpringApplication.refresh(SpringApplication.java:754) ~[spring-boot-3.3.0.jar!/:3.3.0]
	at org.springframework.boot.SpringApplication.refreshContext(SpringApplication.java:456) ~[spring-boot-3.3.0.jar!/:3.3.0]
	at org.springframework.boot.SpringApplication.run(SpringApplication.java:335) ~[spring-boot-3.3.0.jar!/:3.3.0]
	at org.springframework.boot.builder.SpringApplicationBuilder.run(SpringApplicationBuilder.java:149) ~[spring-boot-3.3.0.jar!/:3.3.0]
	at lavalink.server.Launcher.launchMain(Launcher.kt:164) ~[classes!/:4.2.2]
	at lavalink.server.Launcher.main(Launcher.kt:126) ~[classes!/:4.2.2]
	at java.base/jdk.internal.reflect.NativeMethodAccessorImpl.invoke0(Native Method) ~[na:na]
	at java.base/jdk.internal.reflect.NativeMethodAccessorImpl.invoke(NativeMethodAccessorImpl.java:77) ~[na:na]
	at java.base/jdk.internal.reflect.DelegatingMethodAccessorImpl.invoke(DelegatingMethodAccessorImpl.java:43) ~[na:na]
	at java.base/java.lang.reflect.Method.invoke(Method.java:569) ~[na:na]
	at org.springframework.boot.loader.MainMethodRunner.run(MainMethodRunner.java:49) ~[Lavalink.jar:4.2.2]
	at org.springframework.boot.loader.Launcher.launch(Launcher.java:95) ~[Lavalink.jar:4.2.2]
	at org.springframework.boot.loader.Launcher.launch(Launcher.java:58) ~[Lavalink.jar:4.2.2]
	at org.springframework.boot.loader.JarLauncher.main(JarLauncher.java:65) ~[Lavalink.jar:4.2.2]
Caused by: java.lang.UnsatisfiedLinkError: /data/data/com.termux/files/usr/tmp/lava-jni-natives/1779778294383/libudpqueue.so: dlopen failed: library "libgcc_s.so.1" not found: needed by /data/data/com.termux/files/usr/tmp/lava-jni-natives/1779778294383/libudpqueue.so in namespace (default)
	at java.base/jdk.internal.loader.NativeLibraries.load(Native Method) ~[na:na]
	at java.base/jdk.internal.loader.NativeLibraries$NativeLibraryImpl.open(NativeLibraries.java:388) ~[na:na]
	at java.base/jdk.internal.loader.NativeLibraries.loadLibrary(NativeLibraries.java:232) ~[na:na]
	at java.base/jdk.internal.loader.NativeLibraries.loadLibrary(NativeLibraries.java:174) ~[na:na]
	at java.base/java.lang.ClassLoader.loadLibrary(ClassLoader.java:2394) ~[na:na]
	at java.base/java.lang.Runtime.load0(Runtime.java:755) ~[na:na]
	at java.base/java.lang.System.load(System.java:1970) ~[na:na]
	at com.sedmelluq.lava.common.natives.NativeLibraryLoader.loadFromFile(NativeLibraryLoader.java:115) ~[lava-common-2.2.6.jar!/:na]
	at com.sedmelluq.lava.common.natives.NativeLibraryLoader.loadInternal(NativeLibraryLoader.java:107) ~[lava-common-2.2.6.jar!/:na]
	at com.sedmelluq.lava.common.natives.NativeLibraryLoader.loadWithFailureCheck(NativeLibraryLoader.java:81) ~[lava-common-2.2.6.jar!/:na]
	... 71 common frames omitted

2026-05-26T06:51:35.700Z  INFO 15957 --- [Lavalink] [           main] io.undertow                              : starting server: Undertow - 2.3.13.Final
2026-05-26T06:51:35.734Z  INFO 15957 --- [Lavalink] [           main] org.xnio                                 : XNIO version 3.8.8.Final
2026-05-26T06:51:35.765Z  INFO 15957 --- [Lavalink] [           main] org.xnio.nio                             : XNIO NIO Implementation Version 3.8.8.Final
2026-05-26T06:51:35.869Z  WARN 15957 --- [Lavalink] [      Finalizer] c.s.l.c.natives.NativeResourceHolder     : Should have been closed before finalization (com.sedmelluq.discord.lavaplayer.udpqueue.natives.UdpQueueManager).
2026-05-26T06:51:36.084Z  INFO 15957 --- [Lavalink] [           main] org.jboss.threads                        : JBoss Threads version 3.5.0.Final
2026-05-26T06:51:36.242Z  INFO 15957 --- [Lavalink] [           main] o.s.b.w.e.undertow.UndertowWebServer     : Undertow started on port 2333 (http) with context path '/'
2026-05-26T06:51:36.271Z  INFO 15957 --- [Lavalink] [           main] lavalink.server.Launcher                 : Started Launcher in 8.365 seconds (process running for 17.677)
2026-05-26T06:51:36.274Z  INFO 15957 --- [Lavalink] [           main] lavalink.server.Launcher                 : Lavalink is ready to accept connections.
2026-05-26T06:51:38.905Z  INFO 15957 --- [Lavalink] [  XNIO-1 task-2] io.undertow.servlet                      : Initializing Spring DispatcherServlet 'dispatcherServlet'
2026-05-26T06:51:38.906Z  INFO 15957 --- [Lavalink] [  XNIO-1 task-2] o.s.web.servlet.DispatcherServlet        : Initializing Servlet 'dispatcherServlet'
2026-05-26T06:51:38.912Z  INFO 15957 --- [Lavalink] [  XNIO-1 task-2] o.s.web.servlet.DispatcherServlet        : Completed initialization in 5 ms
2026-05-26T06:51:39.073Z  INFO 15957 --- [Lavalink] [  XNIO-1 task-2] l.server.io.HandshakeInterceptorImpl     : Incoming connection from /127.0.0.1:48014
2026-05-26T06:51:39.183Z  INFO 15957 --- [Lavalink] [  XNIO-1 task-2] l.server.io.RequestLoggingFilter         : GET /v4/websocket
2026-05-26T06:51:39.373Z  INFO 15957 --- [Lavalink] [  XNIO-1 task-2] c.s.l.c.natives.NativeLibraryLoader      : Native library dave-jvm: loading with filter null
2026-05-26T06:51:39.414Z ERROR 15957 --- [Lavalink] [  XNIO-1 task-2] c.s.l.c.natives.NativeLibraryLoader      : Native library dave-jvm: loading failed.

java.lang.UnsatisfiedLinkError: /data/data/com.termux/files/usr/tmp/lava-jni-natives/1779778299374/libdave-jvm.so: dlopen failed: library "libpthread.so.0" not found: needed by /data/data/com.termux/files/usr/tmp/lava-jni-natives/1779778299374/libdave-jvm.so in namespace (default)
	at java.base/jdk.internal.loader.NativeLibraries.load(Native Method) ~[na:na]
	at java.base/jdk.internal.loader.NativeLibraries$NativeLibraryImpl.open(NativeLibraries.java:388) ~[na:na]
	at java.base/jdk.internal.loader.NativeLibraries.loadLibrary(NativeLibraries.java:232) ~[na:na]
	at java.base/jdk.internal.loader.NativeLibraries.loadLibrary(NativeLibraries.java:174) ~[na:na]
	at java.base/java.lang.ClassLoader.loadLibrary(ClassLoader.java:2394) ~[na:na]
	at java.base/java.lang.Runtime.load0(Runtime.java:755) ~[na:na]
	at java.base/java.lang.System.load(System.java:1970) ~[na:na]
	at com.sedmelluq.lava.common.natives.NativeLibraryLoader.loadFromFile(NativeLibraryLoader.java:115) ~[lava-common-2.2.6.jar!/:na]
	at com.sedmelluq.lava.common.natives.NativeLibraryLoader.loadInternal(NativeLibraryLoader.java:107) ~[lava-common-2.2.6.jar!/:na]
	at com.sedmelluq.lava.common.natives.NativeLibraryLoader.loadWithFailureCheck(NativeLibraryLoader.java:81) ~[lava-common-2.2.6.jar!/:na]
	at com.sedmelluq.lava.common.natives.NativeLibraryLoader.load(NativeLibraryLoader.java:66) ~[lava-common-2.2.6.jar!/:na]
	at moe.kyokobot.libdave.natives.DaveNativeBindings.inst(DaveNativeBindings.java:20) ~[impl-jni-0.1.2.jar!/:na]
	at moe.kyokobot.libdave.NativeDaveFactory.ensureAvailable(NativeDaveFactory.java:19) ~[impl-jni-0.1.2.jar!/:na]
	at moe.kyokobot.koe.internal.KoeClientImpl.createDAVEFactory(KoeClientImpl.java:113) ~[core-3.0.0-pre6.jar!/:na]
	at moe.kyokobot.koe.internal.KoeClientImpl.<init>(KoeClientImpl.java:39) ~[core-3.0.0-pre6.jar!/:na]
	at moe.kyokobot.koe.Koe.newClient(Koe.java:21) ~[core-3.0.0-pre6.jar!/:na]
	at lavalink.server.io.SocketServer.afterConnectionEstablished(SocketServer.kt:127) ~[classes!/:4.2.2]
	at org.springframework.web.socket.handler.WebSocketHandlerDecorator.afterConnectionEstablished(WebSocketHandlerDecorator.java:70) ~[spring-websocket-6.1.9.jar!/:6.1.9]
	at org.springframework.web.socket.handler.LoggingWebSocketHandlerDecorator.afterConnectionEstablished(LoggingWebSocketHandlerDecorator.java:48) ~[spring-websocket-6.1.9.jar!/:6.1.9]
	at org.springframework.web.socket.handler.ExceptionWebSocketHandlerDecorator.afterConnectionEstablished(ExceptionWebSocketHandlerDecorator.java:48) ~[spring-websocket-6.1.9.jar!/:6.1.9]
	at org.springframework.web.socket.adapter.standard.StandardWebSocketHandlerAdapter.onOpen(StandardWebSocketHandlerAdapter.java:103) ~[spring-websocket-6.1.9.jar!/:6.1.9]
	at io.undertow.websockets.jsr.EndpointSessionHandler.onConnect(EndpointSessionHandler.java:132) ~[undertow-websockets-jsr-2.3.13.Final.jar!/:2.3.13.Final]
	at io.undertow.websockets.jsr.ServerWebSocketContainer$4.handleUpgrade(ServerWebSocketContainer.java:480) ~[undertow-websockets-jsr-2.3.13.Final.jar!/:2.3.13.Final]
	at io.undertow.server.protocol.http.HttpReadListener.exchangeComplete(HttpReadListener.java:399) ~[undertow-core-2.3.13.Final.jar!/:2.3.13.Final]
	at io.undertow.server.protocol.http.HttpServerConnection.exchangeComplete(HttpServerConnection.java:244) ~[undertow-core-2.3.13.Final.jar!/:2.3.13.Final]
	at io.undertow.server.HttpServerExchange.invokeExchangeCompleteListeners(HttpServerExchange.java:1361) ~[undertow-core-2.3.13.Final.jar!/:2.3.13.Final]
	at io.undertow.server.HttpServerExchange.terminateResponse(HttpServerExchange.java:1646) ~[undertow-core-2.3.13.Final.jar!/:2.3.13.Final]
	at io.undertow.server.Connectors.terminateResponse(Connectors.java:182) ~[undertow-core-2.3.13.Final.jar!/:2.3.13.Final]
	at io.undertow.server.protocol.http.HttpTransferEncoding$3.handleEvent(HttpTransferEncoding.java:199) ~[undertow-core-2.3.13.Final.jar!/:2.3.13.Final]
	at io.undertow.server.protocol.http.HttpTransferEncoding$3.handleEvent(HttpTransferEncoding.java:197) ~[undertow-core-2.3.13.Final.jar!/:2.3.13.Final]
	at io.undertow.conduits.HeadStreamSinkConduit.exitFlush(HeadStreamSinkConduit.java:192) ~[undertow-core-2.3.13.Final.jar!/:2.3.13.Final]
	at io.undertow.conduits.HeadStreamSinkConduit.flush(HeadStreamSinkConduit.java:133) ~[undertow-core-2.3.13.Final.jar!/:2.3.13.Final]
	at org.xnio.conduits.ConduitStreamSinkChannel.flush(ConduitStreamSinkChannel.java:162) ~[xnio-api-3.8.8.Final.jar!/:3.8.8.Final]
	at io.undertow.channels.DetachableStreamSinkChannel.flush(DetachableStreamSinkChannel.java:119) ~[undertow-core-2.3.13.Final.jar!/:2.3.13.Final]
	at org.xnio.channels.Channels.flushBlocking(Channels.java:63) ~[xnio-api-3.8.8.Final.jar!/:3.8.8.Final]
	at io.undertow.servlet.spec.ServletOutputStreamImpl.close(ServletOutputStreamImpl.java:627) ~[undertow-servlet-2.3.13.Final.jar!/:2.3.13.Final]
	at io.undertow.servlet.spec.HttpServletResponseImpl.closeStreamAndWriter(HttpServletResponseImpl.java:504) ~[undertow-servlet-2.3.13.Final.jar!/:2.3.13.Final]
	at io.undertow.servlet.spec.HttpServletResponseImpl.responseDone(HttpServletResponseImpl.java:599) ~[undertow-servlet-2.3.13.Final.jar!/:2.3.13.Final]
	at io.undertow.servlet.handlers.ServletInitialHandler.handleFirstRequest(ServletInitialHandler.java:335) ~[undertow-servlet-2.3.13.Final.jar!/:2.3.13.Final]
	at io.undertow.servlet.handlers.ServletInitialHandler$2.call(ServletInitialHandler.java:135) ~[undertow-servlet-2.3.13.Final.jar!/:2.3.13.Final]
	at io.undertow.servlet.handlers.ServletInitialHandler$2.call(ServletInitialHandler.java:132) ~[undertow-servlet-2.3.13.Final.jar!/:2.3.13.Final]
	at io.undertow.servlet.core.ServletRequestContextThreadSetupAction$1.call(ServletRequestContextThreadSetupAction.java:48) ~[undertow-servlet-2.3.13.Final.jar!/:2.3.13.Final]
	at io.undertow.servlet.core.ContextClassLoaderSetupAction$1.call(ContextClassLoaderSetupAction.java:43) ~[undertow-servlet-2.3.13.Final.jar!/:2.3.13.Final]
	at io.undertow.servlet.handlers.ServletInitialHandler.dispatchRequest(ServletInitialHandler.java:256) ~[undertow-servlet-2.3.13.Final.jar!/:2.3.13.Final]
	at io.undertow.servlet.handlers.ServletInitialHandler$1.handleRequest(ServletInitialHandler.java:101) ~[undertow-servlet-2.3.13.Final.jar!/:2.3.13.Final]
	at io.undertow.server.Connectors.executeRootHandler(Connectors.java:393) ~[undertow-core-2.3.13.Final.jar!/:2.3.13.Final]
	at io.undertow.server.HttpServerExchange$1.run(HttpServerExchange.java:859) ~[undertow-core-2.3.13.Final.jar!/:2.3.13.Final]
	at org.jboss.threads.ContextHandler$1.runWith(ContextHandler.java:18) ~[jboss-threads-3.5.0.Final.jar!/:3.5.0.Final]
	at org.jboss.threads.EnhancedQueueExecutor$Task.run(EnhancedQueueExecutor.java:2513) ~[jboss-threads-3.5.0.Final.jar!/:3.5.0.Final]
	at org.jboss.threads.EnhancedQueueExecutor$ThreadBody.run(EnhancedQueueExecutor.java:1512) ~[jboss-threads-3.5.0.Final.jar!/:3.5.0.Final]
	at org.xnio.XnioWorker$WorkerThreadFactory$1$1.run(XnioWorker.java:1282) ~[xnio-api-3.8.8.Final.jar!/:3.8.8.Final]
	at java.base/java.lang.Thread.run(Thread.java:840) ~[na:na]

2026-05-26T06:51:39.418Z  WARN 15957 --- [Lavalink] [  XNIO-1 task-2] m.kyokobot.koe.internal.KoeClientImpl    : DAVE requested but the native library could not be loaded! Did you forget to include 'moe.kyokobot.libdave:natives-{platform}' dependency in your project?

java.lang.RuntimeException: java.lang.UnsatisfiedLinkError: /data/data/com.termux/files/usr/tmp/lava-jni-natives/1779778299374/libdave-jvm.so: dlopen failed: library "libpthread.so.0" not found: needed by /data/data/com.termux/files/usr/tmp/lava-jni-natives/1779778299374/libdave-jvm.so in namespace (default)
	at com.sedmelluq.lava.common.natives.NativeLibraryLoader.loadWithFailureCheck(NativeLibraryLoader.java:85) ~[lava-common-2.2.6.jar!/:na]
	at com.sedmelluq.lava.common.natives.NativeLibraryLoader.load(NativeLibraryLoader.java:66) ~[lava-common-2.2.6.jar!/:na]
	at moe.kyokobot.libdave.natives.DaveNativeBindings.inst(DaveNativeBindings.java:20) ~[impl-jni-0.1.2.jar!/:na]
	at moe.kyokobot.libdave.NativeDaveFactory.ensureAvailable(NativeDaveFactory.java:19) ~[impl-jni-0.1.2.jar!/:na]
	at moe.kyokobot.koe.internal.KoeClientImpl.createDAVEFactory(KoeClientImpl.java:113) ~[core-3.0.0-pre6.jar!/:na]
	at moe.kyokobot.koe.internal.KoeClientImpl.<init>(KoeClientImpl.java:39) ~[core-3.0.0-pre6.jar!/:na]
	at moe.kyokobot.koe.Koe.newClient(Koe.java:21) ~[core-3.0.0-pre6.jar!/:na]
	at lavalink.server.io.SocketServer.afterConnectionEstablished(SocketServer.kt:127) ~[classes!/:4.2.2]
	at org.springframework.web.socket.handler.WebSocketHandlerDecorator.afterConnectionEstablished(WebSocketHandlerDecorator.java:70) ~[spring-websocket-6.1.9.jar!/:6.1.9]
	at org.springframework.web.socket.handler.LoggingWebSocketHandlerDecorator.afterConnectionEstablished(LoggingWebSocketHandlerDecorator.java:48) ~[spring-websocket-6.1.9.jar!/:6.1.9]
	at org.springframework.web.socket.handler.ExceptionWebSocketHandlerDecorator.afterConnectionEstablished(ExceptionWebSocketHandlerDecorator.java:48) ~[spring-websocket-6.1.9.jar!/:6.1.9]
	at org.springframework.web.socket.adapter.standard.StandardWebSocketHandlerAdapter.onOpen(StandardWebSocketHandlerAdapter.java:103) ~[spring-websocket-6.1.9.jar!/:6.1.9]
	at io.undertow.websockets.jsr.EndpointSessionHandler.onConnect(EndpointSessionHandler.java:132) ~[undertow-websockets-jsr-2.3.13.Final.jar!/:2.3.13.Final]
	at io.undertow.websockets.jsr.ServerWebSocketContainer$4.handleUpgrade(ServerWebSocketContainer.java:480) ~[undertow-websockets-jsr-2.3.13.Final.jar!/:2.3.13.Final]
	at io.undertow.server.protocol.http.HttpReadListener.exchangeComplete(HttpReadListener.java:399) ~[undertow-core-2.3.13.Final.jar!/:2.3.13.Final]
	at io.undertow.server.protocol.http.HttpServerConnection.exchangeComplete(HttpServerConnection.java:244) ~[undertow-core-2.3.13.Final.jar!/:2.3.13.Final]
	at io.undertow.server.HttpServerExchange.invokeExchangeCompleteListeners(HttpServerExchange.java:1361) ~[undertow-core-2.3.13.Final.jar!/:2.3.13.Final]
	at io.undertow.server.HttpServerExchange.terminateResponse(HttpServerExchange.java:1646) ~[undertow-core-2.3.13.Final.jar!/:2.3.13.Final]
	at io.undertow.server.Connectors.terminateResponse(Connectors.java:182) ~[undertow-core-2.3.13.Final.jar!/:2.3.13.Final]
	at io.undertow.server.protocol.http.HttpTransferEncoding$3.handleEvent(HttpTransferEncoding.java:199) ~[undertow-core-2.3.13.Final.jar!/:2.3.13.Final]
	at io.undertow.server.protocol.http.HttpTransferEncoding$3.handleEvent(HttpTransferEncoding.java:197) ~[undertow-core-2.3.13.Final.jar!/:2.3.13.Final]
	at io.undertow.conduits.HeadStreamSinkConduit.exitFlush(HeadStreamSinkConduit.java:192) ~[undertow-core-2.3.13.Final.jar!/:2.3.13.Final]
	at io.undertow.conduits.HeadStreamSinkConduit.flush(HeadStreamSinkConduit.java:133) ~[undertow-core-2.3.13.Final.jar!/:2.3.13.Final]
	at org.xnio.conduits.ConduitStreamSinkChannel.flush(ConduitStreamSinkChannel.java:162) ~[xnio-api-3.8.8.Final.jar!/:3.8.8.Final]
	at io.undertow.channels.DetachableStreamSinkChannel.flush(DetachableStreamSinkChannel.java:119) ~[undertow-core-2.3.13.Final.jar!/:2.3.13.Final]
	at org.xnio.channels.Channels.flushBlocking(Channels.java:63) ~[xnio-api-3.8.8.Final.jar!/:3.8.8.Final]
	at io.undertow.servlet.spec.ServletOutputStreamImpl.close(ServletOutputStreamImpl.java:627) ~[undertow-servlet-2.3.13.Final.jar!/:2.3.13.Final]
	at io.undertow.servlet.spec.HttpServletResponseImpl.closeStreamAndWriter(HttpServletResponseImpl.java:504) ~[undertow-servlet-2.3.13.Final.jar!/:2.3.13.Final]
	at io.undertow.servlet.spec.HttpServletResponseImpl.responseDone(HttpServletResponseImpl.java:599) ~[undertow-servlet-2.3.13.Final.jar!/:2.3.13.Final]
	at io.undertow.servlet.handlers.ServletInitialHandler.handleFirstRequest(ServletInitialHandler.java:335) ~[undertow-servlet-2.3.13.Final.jar!/:2.3.13.Final]
	at io.undertow.servlet.handlers.ServletInitialHandler$2.call(ServletInitialHandler.java:135) ~[undertow-servlet-2.3.13.Final.jar!/:2.3.13.Final]
	at io.undertow.servlet.handlers.ServletInitialHandler$2.call(ServletInitialHandler.java:132) ~[undertow-servlet-2.3.13.Final.jar!/:2.3.13.Final]
	at io.undertow.servlet.core.ServletRequestContextThreadSetupAction$1.call(ServletRequestContextThreadSetupAction.java:48) ~[undertow-servlet-2.3.13.Final.jar!/:2.3.13.Final]
	at io.undertow.servlet.core.ContextClassLoaderSetupAction$1.call(ContextClassLoaderSetupAction.java:43) ~[undertow-servlet-2.3.13.Final.jar!/:2.3.13.Final]
	at io.undertow.servlet.handlers.ServletInitialHandler.dispatchRequest(ServletInitialHandler.java:256) ~[undertow-servlet-2.3.13.Final.jar!/:2.3.13.Final]
	at io.undertow.servlet.handlers.ServletInitialHandler$1.handleRequest(ServletInitialHandler.java:101) ~[undertow-servlet-2.3.13.Final.jar!/:2.3.13.Final]
	at io.undertow.server.Connectors.executeRootHandler(Connectors.java:393) ~[undertow-core-2.3.13.Final.jar!/:2.3.13.Final]
	at io.undertow.server.HttpServerExchange$1.run(HttpServerExchange.java:859) ~[undertow-core-2.3.13.Final.jar!/:2.3.13.Final]
	at org.jboss.threads.ContextHandler$1.runWith(ContextHandler.java:18) ~[jboss-threads-3.5.0.Final.jar!/:3.5.0.Final]
	at org.jboss.threads.EnhancedQueueExecutor$Task.run(EnhancedQueueExecutor.java:2513) ~[jboss-threads-3.5.0.Final.jar!/:3.5.0.Final]
	at org.jboss.threads.EnhancedQueueExecutor$ThreadBody.run(EnhancedQueueExecutor.java:1512) ~[jboss-threads-3.5.0.Final.jar!/:3.5.0.Final]
	at org.xnio.XnioWorker$WorkerThreadFactory$1$1.run(XnioWorker.java:1282) ~[xnio-api-3.8.8.Final.jar!/:3.8.8.Final]
	at java.base/java.lang.Thread.run(Thread.java:840) ~[na:na]
Caused by: java.lang.UnsatisfiedLinkError: /data/data/com.termux/files/usr/tmp/lava-jni-natives/1779778299374/libdave-jvm.so: dlopen failed: library "libpthread.so.0" not found: needed by /data/data/com.termux/files/usr/tmp/lava-jni-natives/1779778299374/libdave-jvm.so in namespace (default)
	at java.base/jdk.internal.loader.NativeLibraries.load(Native Method) ~[na:na]
	at java.base/jdk.internal.loader.NativeLibraries$NativeLibraryImpl.open(NativeLibraries.java:388) ~[na:na]
	at java.base/jdk.internal.loader.NativeLibraries.loadLibrary(NativeLibraries.java:232) ~[na:na]
	at java.base/jdk.internal.loader.NativeLibraries.loadLibrary(NativeLibraries.java:174) ~[na:na]
	at java.base/java.lang.ClassLoader.loadLibrary(ClassLoader.java:2394) ~[na:na]
	at java.base/java.lang.Runtime.load0(Runtime.java:755) ~[na:na]
	at java.base/java.lang.System.load(System.java:1970) ~[na:na]
	at com.sedmelluq.lava.common.natives.NativeLibraryLoader.loadFromFile(NativeLibraryLoader.java:115) ~[lava-common-2.2.6.jar!/:na]
	at com.sedmelluq.lava.common.natives.NativeLibraryLoader.loadInternal(NativeLibraryLoader.java:107) ~[lava-common-2.2.6.jar!/:na]
	at com.sedmelluq.lava.common.natives.NativeLibraryLoader.loadWithFailureCheck(NativeLibraryLoader.java:81) ~[lava-common-2.2.6.jar!/:na]
	... 42 common frames omitted

2026-05-26T06:51:39.542Z  INFO 15957 --- [Lavalink] [  XNIO-1 task-2] lavalink.server.io.SocketServer          : Connection successfully established from shoukaku/4.3.0 (https://github.com/shipgirlproject/Shoukaku.git)
2026-05-26T06:51:39.550Z  WARN 15957 --- [Lavalink] [pool-3-thread-1] o.s.os.linux.LinuxOperatingSystem        : Did not find udev library in operating system. Some features may not work.
2026-05-26T06:51:39.571Z ERROR 15957 --- [Lavalink] [pool-3-thread-1] o.s.os.linux.LinuxOperatingSystem        : Did not JNA classes. Investigate incompatible version or missing native dll.
2026-05-26T06:51:39.596Z  INFO 15957 --- [Lavalink] [   XNIO-1 I/O-4] lavalink.server.io.SocketServer          : Connection closed from /127.0.0.1:48014 with id 04oze59rni7oep6o -- CloseStatus[code=1000, reason=]
2026-05-26T06:51:39.598Z  INFO 15957 --- [Lavalink] [   XNIO-1 I/O-4] lavalink.server.io.SocketContext         : Shutting down 0 playing players.
2026-05-26T06:54:45.616Z  WARN 15957 --- [Lavalink] [  XNIO-1 task-2] l.s.config.RequestAuthorizationFilter    : Authorization missing for 127.0.0.1 on GET /
2026-05-26T06:54:45.623Z  INFO 15957 --- [Lavalink] [  XNIO-1 task-2] l.server.io.RequestLoggingFilter         : GET /
2026-05-26T06:56:27.693Z  INFO 15957 --- [Lavalink] [ionShutdownHook] io.undertow                              : stopping server: Undertow - 2.3.13.Final
2026-05-26T06:56:27.713Z  INFO 15957 --- [Lavalink] [ionShutdownHook] io.undertow.servlet                      : Destroying Spring FrameworkServlet 'dispatcherServlet'
2026-05-26T06:56:27.721Z  INFO 15957 --- [Lavalink] [ionShutdownHook] c.s.d.l.tools.GarbageCollectionMonitor   : GC monitoring disabled.
